C:\Users\ZhuLiang\documents\visual studio 2010\Projects\OpenCV-Qt4\OpenCV-Qt4\Debug\cl.command.1.tlog
C:\Users\ZhuLiang\documents\visual studio 2010\Projects\OpenCV-Qt4\OpenCV-Qt4\Debug\CL.read.1.tlog
C:\Users\ZhuLiang\documents\visual studio 2010\Projects\OpenCV-Qt4\OpenCV-Qt4\Debug\CL.write.1.tlog
C:\Users\ZhuLiang\documents\visual studio 2010\Projects\OpenCV-Qt4\OpenCV-Qt4\Debug\custombuild.command.1.tlog
C:\Users\ZhuLiang\documents\visual studio 2010\Projects\OpenCV-Qt4\OpenCV-Qt4\Debug\custombuild.read.1.tlog
C:\Users\ZhuLiang\documents\visual studio 2010\Projects\OpenCV-Qt4\OpenCV-Qt4\Debug\custombuild.write.1.tlog
C:\USERS\ZHULIANG\DOCUMENTS\VISUAL STUDIO 2010\PROJECTS\OPENCV-QT4\OPENCV-QT4\DEBUG\FOREGROUND.OBJ
C:\Users\ZhuLiang\documents\visual studio 2010\Projects\OpenCV-Qt4\OpenCV-Qt4\Debug\link.command.1.tlog
C:\Users\ZhuLiang\documents\visual studio 2010\Projects\OpenCV-Qt4\OpenCV-Qt4\Debug\link.read.1.tlog
C:\Users\ZhuLiang\documents\visual studio 2010\Projects\OpenCV-Qt4\OpenCV-Qt4\Debug\link.write.1.tlog
C:\USERS\ZHULIANG\DOCUMENTS\VISUAL STUDIO 2010\PROJECTS\OPENCV-QT4\OPENCV-QT4\DEBUG\MAIN.OBJ
C:\USERS\ZHULIANG\DOCUMENTS\VISUAL STUDIO 2010\PROJECTS\OPENCV-QT4\OPENCV-QT4\DEBUG\MOC_MYCLASS.OBJ
C:\Users\ZhuLiang\documents\visual studio 2010\Projects\OpenCV-Qt4\OpenCV-Qt4\Debug\mt.command.1.tlog
C:\Users\ZhuLiang\documents\visual studio 2010\Projects\OpenCV-Qt4\OpenCV-Qt4\Debug\mt.read.1.tlog
C:\Users\ZhuLiang\documents\visual studio 2010\Projects\OpenCV-Qt4\OpenCV-Qt4\Debug\mt.write.1.tlog
C:\USERS\ZHULIANG\DOCUMENTS\VISUAL STUDIO 2010\PROJECTS\OPENCV-QT4\OPENCV-QT4\DEBUG\MYCLASS.OBJ
C:\USERS\ZHULIANG\DOCUMENTS\VISUAL STUDIO 2010\PROJECTS\OPENCV-QT4\OPENCV-QT4\DEBUG\OPENCVFUNCTION.OBJ
C:\USERS\ZHULIANG\DOCUMENTS\VISUAL STUDIO 2010\PROJECTS\OPENCV-QT4\OPENCV-QT4\DEBUG\OPENCV-QT4.EXE.INTERMEDIATE.MANIFEST
C:\Users\ZhuLiang\documents\visual studio 2010\Projects\OpenCV-Qt4\OpenCV-Qt4\Debug\OpenCV-Qt4.vcxprojResolveAssemblyReference.cache
C:\Users\ZhuLiang\documents\visual studio 2010\Projects\OpenCV-Qt4\OpenCV-Qt4\Debug\OpenCV-Qt4.write.1.tlog
C:\USERS\ZHULIANG\DOCUMENTS\VISUAL STUDIO 2010\PROJECTS\OPENCV-QT4\OPENCV-QT4\DEBUG\QRC_MYCLASS.OBJ
C:\USERS\ZHULIANG\DOCUMENTS\VISUAL STUDIO 2010\PROJECTS\OPENCV-QT4\OPENCV-QT4\DEBUG\VC100.PDB
C:\USERS\ZHULIANG\DOCUMENTS\VISUAL STUDIO 2010\PROJECTS\OPENCV-QT4\OPENCV-QT4\GENERATEDFILES\DEBUG\MOC_MYCLASS.CPP
C:\USERS\ZHULIANG\DOCUMENTS\VISUAL STUDIO 2010\PROJECTS\OPENCV-QT4\OPENCV-QT4\GENERATEDFILES\QRC_MYCLASS.CPP
C:\USERS\ZHULIANG\DOCUMENTS\VISUAL STUDIO 2010\PROJECTS\OPENCV-QT4\OPENCV-QT4\GENERATEDFILES\UI_MYCLASS.H
C:\USERS\ZHULIANG\DOCUMENTS\VISUAL STUDIO 2010\PROJECTS\OPENCV-QT4\WIN32\DEBUG\OPENCV-QT4.EXE
C:\USERS\ZHULIANG\DOCUMENTS\VISUAL STUDIO 2010\PROJECTS\OPENCV-QT4\WIN32\DEBUG\OPENCV-QT4.ILK
C:\USERS\ZHULIANG\DOCUMENTS\VISUAL STUDIO 2010\PROJECTS\OPENCV-QT4\WIN32\DEBUG\OPENCV-QT4.PDB
