生成启动时间为 2014/12/19 11:31:49。
     1>项目“C:\Users\ZhuLiang\documents\visual studio 2010\Projects\GMM\GMM\GMM.vcxproj”在节点 2 上(build 个目标)。
     1>InitializeBuildStatus:
         正在创建“Debug\GMM.unsuccessfulbuild”，因为已指定“AlwaysCreate”。
       ClCompile:
         e:\Program Files (x86)\Microsoft Visual Studio 10.0\VC\bin\CL.exe /c /ZI /nologo /W3 /WX- /Od /Oy- /D WIN32 /D _DEBUG /D _CONSOLE /D _UNICODE /D UNICODE /Gm /EHsc /RTC1 /MDd /GS /fp:precise /Zc:wchar_t /Zc:forScope /Fo"Debug\\" /Fd"Debug\vc100.pdb" /Gd /TP /analyze- /errorReport:prompt gmm.cpp
         gmm.cpp
     1>c:\users\zhuliang\documents\visual studio 2010\projects\gmm\gmm\gmm.cpp(129): warning C4804: “<”: 在操作中使用类型“bool”不安全
     1>c:\users\zhuliang\documents\visual studio 2010\projects\gmm\gmm\gmm.cpp(232): warning C4244: “=”: 从“double”转换到“float”，可能丢失数据
     1>c:\users\zhuliang\documents\visual studio 2010\projects\gmm\gmm\gmm.cpp(235): warning C4244: “=”: 从“double”转换到“unsigned char”，可能丢失数据
     1>c:\users\zhuliang\documents\visual studio 2010\projects\gmm\gmm\gmm.cpp(238): warning C4244: “=”: 从“double”转换到“float”，可能丢失数据
     1>c:\users\zhuliang\documents\visual studio 2010\projects\gmm\gmm\gmm.cpp(243): warning C4244: “=”: 从“double”转换到“float”，可能丢失数据
     1>c:\users\zhuliang\documents\visual studio 2010\projects\gmm\gmm\gmm.cpp(290): warning C4305: “=”: 从“double”到“float”截断
     1>c:\users\zhuliang\documents\visual studio 2010\projects\gmm\gmm\gmm.cpp(296): warning C4305: “*=”: 从“double”到“float”截断
       ManifestResourceCompile:
         所有输出均为最新。
       Link:
         e:\Program Files (x86)\Microsoft Visual Studio 10.0\VC\bin\link.exe /ERRORREPORT:PROMPT /OUT:"C:\Users\ZhuLiang\documents\visual studio 2010\Projects\GMM\Debug\GMM.exe" /INCREMENTAL /NOLOGO opencv_calib3d249d.lib opencv_contrib249d.lib opencv_core249d.lib opencv_features2d249d.lib opencv_flann249d.lib opencv_gpu249d.lib opencv_highgui249d.lib opencv_imgproc249d.lib opencv_legacy249d.lib opencv_ml249d.lib opencv_nonfree249d.lib opencv_objdetect249d.lib opencv_ocl249d.lib opencv_photo249d.lib opencv_stitching249d.lib opencv_superres249d.lib opencv_ts249d.lib opencv_video249d.lib opencv_videostab249d.lib opencv_calib3d249.lib opencv_contrib249.lib opencv_core249.lib opencv_features2d249.lib opencv_flann249.lib opencv_gpu249.lib opencv_highgui249.lib opencv_imgproc249.lib opencv_legacy249.lib opencv_ml249.lib opencv_objdetect249.lib opencv_ts249.lib opencv_video249.lib kernel32.lib user32.lib gdi32.lib winspool.lib comdlg32.lib advapi32.lib shell32.lib ole32.lib oleaut32.lib uuid.lib odbc32.lib odbccp32.lib /MANIFEST /ManifestFile:"Debug\GMM.exe.intermediate.manifest" /MANIFESTUAC:"level='asInvoker' uiAccess='false'" /DEBUG /PDB:"C:\Users\ZhuLiang\documents\visual studio 2010\Projects\GMM\Debug\GMM.pdb" /SUBSYSTEM:CONSOLE /TLBID:1 /DYNAMICBASE /NXCOMPAT /IMPLIB:"C:\Users\ZhuLiang\documents\visual studio 2010\Projects\GMM\Debug\GMM.lib" /MACHINE:X86 Debug\GMM.exe.embed.manifest.res
         Debug\gmm.obj
       Manifest:
         C:\Program Files (x86)\Microsoft SDKs\Windows\v7.0A\bin\mt.exe /nologo /verbose /out:"Debug\GMM.exe.embed.manifest" /manifest Debug\GMM.exe.intermediate.manifest
         所有输出均为最新。
       LinkEmbedManifest:
         所有输出均为最新。
         GMM.vcxproj -> C:\Users\ZhuLiang\documents\visual studio 2010\Projects\GMM\Debug\GMM.exe
       FinalizeBuildStatus:
         正在删除文件“Debug\GMM.unsuccessfulbuild”。
         正在对“Debug\GMM.lastbuildstate”执行 Touch 任务。
     1>已完成生成项目“C:\Users\ZhuLiang\documents\visual studio 2010\Projects\GMM\GMM\GMM.vcxproj”(build 个目标)的操作。

生成成功。

已用时间 00:00:04.23
